ASxxxx Assembler V02.00 + NoICE + SDCC mods  (Zilog Z80 / Hitachi HD64180), page 1.
Hexadecimal [16-Bits]



                              1 ;;;
                              2 ;;; File generated by cpct_aks2c CPCtelera script
                              3 ;;; Souce file of this conversion: assets/dr07.aks
                              4 ;;; Generation time: lunes, 29 de octubre de 2018, 23:31:09 CET
                              5 ;;;
                              6 
                              7 ;;; Set absolute memory addressing
                              8 .area __dr_song (ABS)
   8000                       9 .org 0x8000
                             10 
                             11 ;;; Music data start (    1623 bytes)
                             12 ;;;
   8000                      13 _dr_song::
   8000 41 54 31 30 01 40    14 .db 0x41, 0x54, 0x31, 0x30, 0x01, 0x40, 0x42, 0x0f, 0x02, 0x06, 0x69, 0x00, 0x14, 0x80, 0x1d, 0x80
        42 0F 02 06 69 00
        14 80 1D 80
   8010 31 80 43 80 00 00    15 .db 0x31, 0x80, 0x43, 0x80, 0x00, 0x00, 0x00, 0x00, 0x00, 0x00, 0x0d, 0x16, 0x80, 0x01, 0x00, 0x3c
        00 00 00 00 0D 16
        80 01 00 3C
   8020 38 34 30 2C 28 24    16 .db 0x38, 0x34, 0x30, 0x2c, 0x28, 0x24, 0x20, 0x1c, 0x18, 0x14, 0x10, 0x0c, 0x08, 0x04, 0x0d, 0x16
        20 1C 18 14 10 0C
        08 04 0D 16
   8030 80 01 00 3E 21 7C    17 .db 0x80, 0x01, 0x00, 0x3e, 0x21, 0x7c, 0x04, 0x3c, 0x78, 0xfc, 0x78, 0xf8, 0x74, 0xf8, 0x70, 0xf4
        04 3C 78 FC 78 F8
        74 F8 70 F4
   8040 0D 16 80 01 00 A8    18 .db 0x0d, 0x16, 0x80, 0x01, 0x00, 0xa8, 0x09, 0x00, 0xa8, 0x06, 0x00, 0xa4, 0x04, 0x00, 0xa4, 0x03
        09 00 A8 06 00 A4
        04 00 A4 03
   8050 00 A0 01 00 20 1C    19 .db 0x00, 0xa0, 0x01, 0x00, 0x20, 0x1c, 0x1c, 0x98, 0xff, 0xff, 0x18, 0x14, 0x14, 0x94, 0x01, 0x00
        1C 98 FF FF 18 14
        14 94 01 00
   8060 10 10 10 8C FF FF    20 .db 0x10, 0x10, 0x10, 0x8c, 0xff, 0xff, 0x0c, 0x0c, 0x08, 0x88, 0x01, 0x00, 0x08, 0x04, 0x04, 0x84
        0C 0C 08 88 01 00
        08 04 04 84
   8070 FF FF 0D 16 80 20    21 .db 0xff, 0xff, 0x0d, 0x16, 0x80, 0x20, 0x00, 0x00, 0x00, 0x11, 0x81, 0x00, 0x2e, 0x81, 0x52, 0x81
        00 00 00 11 81 00
        2E 81 52 81
   8080 76 81 00 DC 81 A0    22 .db 0x76, 0x81, 0x00, 0xdc, 0x81, 0xa0, 0x81, 0x82, 0x81, 0x00, 0xfc, 0x81, 0x20, 0x82, 0x44, 0x82
        81 82 81 00 FC 81
        20 82 44 82
   8090 00 4E 83 6C 83 8A    23 .db 0x00, 0x4e, 0x83, 0x6c, 0x83, 0x8a, 0x83, 0x00, 0x6c, 0x82, 0x8d, 0x82, 0xb6, 0x82, 0x00, 0xa8
        83 00 6C 82 8D 82
        B6 82 00 A8
   80A0 83 C6 83 E4 83 00    24 .db 0x83, 0xc6, 0x83, 0xe4, 0x83, 0x00, 0x08, 0x84, 0x24, 0x84, 0x44, 0x84, 0x00, 0x12, 0x81, 0xc0
        08 84 24 84 44 84
        00 12 81 C0
   80B0 81 CA 82 00 68 84    25 .db 0x81, 0xca, 0x82, 0x00, 0x68, 0x84, 0x82, 0x84, 0x9e, 0x84, 0x00, 0xbe, 0x84, 0xe2, 0x84, 0xee
        82 84 9E 84 00 BE
        84 E2 84 EE
   80C0 84 00 12 85 36 85    26 .db 0x84, 0x00, 0x12, 0x85, 0x36, 0x85, 0x42, 0x85, 0x00, 0xbe, 0x84, 0xe2, 0x84, 0xee, 0x84, 0x00
        42 85 00 BE 84 E2
        84 EE 84 00
   80D0 66 85 8A 85 96 85    27 .db 0x66, 0x85, 0x8a, 0x85, 0x96, 0x85, 0x00, 0x12, 0x81, 0xc0, 0x81, 0xca, 0x82, 0x00, 0x68, 0x84
        00 12 81 C0 81 CA
        82 00 68 84
ASxxxx Assembler V02.00 + NoICE + SDCC mods  (Zilog Z80 / Hitachi HD64180), page 2.
Hexadecimal [16-Bits]



   80E0 82 84 9E 84 00 BA    28 .db 0x82, 0x84, 0x9e, 0x84, 0x00, 0xba, 0x85, 0xde, 0x85, 0xe3, 0x85, 0x00, 0xe2, 0x82, 0xde, 0x85
        85 DE 85 E3 85 00
        E2 82 DE 85
   80F0 06 83 00 BA 85 DE    29 .db 0x06, 0x83, 0x00, 0xba, 0x85, 0xde, 0x85, 0xe3, 0x85, 0x00, 0x2a, 0x83, 0xde, 0x85, 0x07, 0x86
        85 E3 85 00 2A 83
        DE 85 07 86
   8100 00 2B 86 DE 85 37    30 .db 0x00, 0x2b, 0x86, 0xde, 0x85, 0x37, 0x86, 0x00, 0x43, 0x86, 0xde, 0x85, 0x4d, 0x86, 0x01, 0x7b
        86 00 43 86 DE 85
        4D 86 01 7B
   8110 80 00 80 E0 00 00    31 .db 0x80, 0x00, 0x80, 0xe0, 0x00, 0x00, 0x01, 0x41, 0x41, 0x02, 0x49, 0x02, 0x47, 0x02, 0x45, 0x06
        01 41 41 02 49 02
        47 02 45 06
   8120 3D 06 41 41 41 02    32 .db 0x3d, 0x06, 0x41, 0x41, 0x41, 0x02, 0x49, 0x02, 0x47, 0x02, 0x45, 0x06, 0x3f, 0x00, 0x68, 0xe0
        49 02 47 02 45 06
        3F 00 68 E0
   8130 00 00 01 02 29 02    33 .db 0x00, 0x00, 0x01, 0x02, 0x29, 0x02, 0x2f, 0x02, 0x31, 0x02, 0x33, 0x02, 0x31, 0x02, 0x2f, 0x02
        2F 02 31 02 33 02
        31 02 2F 02
   8140 2D 02 29 02 29 02    34 .db 0x2d, 0x02, 0x29, 0x02, 0x29, 0x02, 0x2f, 0x02, 0x31, 0x02, 0x33, 0x02, 0x31, 0x02, 0x2f, 0x02
        2F 02 31 02 33 02
        31 02 2F 02
   8150 2D 00 80 E0 00 00    35 .db 0x2d, 0x00, 0x80, 0xe0, 0x00, 0x00, 0x01, 0x02, 0x41, 0x02, 0x47, 0x02, 0x49, 0x02, 0x4b, 0x02
        01 02 41 02 47 02
        49 02 4B 02
   8160 49 02 47 02 45 02    36 .db 0x49, 0x02, 0x47, 0x02, 0x45, 0x02, 0x41, 0x02, 0x41, 0x02, 0x47, 0x02, 0x49, 0x02, 0x4b, 0x02
        41 02 41 02 47 02
        49 02 4B 02
   8170 49 02 47 02 45 00    37 .db 0x49, 0x02, 0x47, 0x02, 0x45, 0x00, 0xa2, 0xe0, 0x00, 0x00, 0x02, 0x02, 0x63, 0x1a, 0x63, 0x02
        A2 E0 00 00 02 02
        63 1A 63 02
   8180 63 00 B0 E0 00 00    38 .db 0x63, 0x00, 0xb0, 0xe0, 0x00, 0x00, 0x01, 0x02, 0x71, 0x02, 0x77, 0x02, 0x79, 0x02, 0x63, 0x02
        01 02 71 02 77 02
        79 02 63 02
   8190 63 02 69 02 6B 02    39 .db 0x63, 0x02, 0x69, 0x02, 0x6b, 0x02, 0x71, 0x02, 0x71, 0x02, 0x77, 0x02, 0x79, 0x02, 0x63, 0x00
        71 02 71 02 77 02
        79 02 63 00
   81A0 B6 E0 00 00 01 02    40 .db 0xb6, 0xe0, 0x00, 0x00, 0x01, 0x02, 0x79, 0x02, 0x77, 0x02, 0x79, 0x02, 0x75, 0x02, 0x71, 0x02
        79 02 77 02 79 02
        75 02 71 02
   81B0 71 02 75 02 77 02    41 .db 0x71, 0x02, 0x75, 0x02, 0x77, 0x02, 0x79, 0x02, 0x75, 0x02, 0x71, 0x02, 0x71, 0x06, 0x89, 0x00
        79 02 75 02 71 02
        71 06 89 00
   81C0 A8 E0 00 00 01 02    42 .db 0xa8, 0xe0, 0x00, 0x00, 0x01, 0x02, 0x6b, 0x02, 0x67, 0x02, 0x63, 0x02, 0x63, 0x06, 0x25, 0x06
        6B 02 67 02 63 02
        63 06 25 06
   81D0 69 02 6B 02 67 02    43 .db 0x69, 0x02, 0x6b, 0x02, 0x67, 0x02, 0x63, 0x02, 0x63, 0x06, 0x27, 0x00, 0x8e, 0xe0, 0x00, 0x00
        63 02 63 06 27 00
        8E E0 00 00
   81E0 01 02 53 02 4F 02    44 .db 0x01, 0x02, 0x53, 0x02, 0x4f, 0x02, 0x53, 0x02, 0x53, 0x02, 0x51, 0x02, 0x4f, 0x02, 0x4b, 0x02
        53 02 53 02 51 02
        4F 02 4B 02
   81F0 4F 02 53 02 4F 02    45 .db 0x4f, 0x02, 0x53, 0x02, 0x4f, 0x02, 0x4f, 0x02, 0x53, 0x06, 0x6b, 0x00, 0x8e, 0xe0, 0x00, 0x00
        4F 02 53 06 6B 00
        8E E0 00 00
   8200 01 02 53 02 4F 02    46 .db 0x01, 0x02, 0x53, 0x02, 0x4f, 0x02, 0x53, 0x02, 0x53, 0x02, 0x51, 0x02, 0x4f, 0x02, 0x4b, 0x02
ASxxxx Assembler V02.00 + NoICE + SDCC mods  (Zilog Z80 / Hitachi HD64180), page 3.
Hexadecimal [16-Bits]



        53 02 53 02 51 02
        4F 02 4B 02
   8210 41 41 41 02 41 41    47 .db 0x41, 0x41, 0x41, 0x02, 0x41, 0x41, 0x41, 0x02, 0x41, 0x41, 0x41, 0x02, 0x41, 0x41, 0x41, 0x00
        41 02 41 41 41 02
        41 41 41 00
   8220 B6 E0 00 00 01 02    48 .db 0xb6, 0xe0, 0x00, 0x00, 0x01, 0x02, 0x79, 0x02, 0x77, 0x02, 0x79, 0x02, 0x75, 0x02, 0x71, 0x02
        79 02 77 02 79 02
        75 02 71 02
   8230 71 02 75 02 31 31    49 .db 0x71, 0x02, 0x75, 0x02, 0x31, 0x31, 0x31, 0x02, 0x33, 0x33, 0x33, 0x02, 0x35, 0x35, 0x35, 0x02
        31 02 33 33 33 02
        35 35 35 02
   8240 37 37 37 00 B0 E0    50 .db 0x37, 0x37, 0x37, 0x00, 0xb0, 0xe0, 0x00, 0x00, 0x01, 0x02, 0x71, 0x02, 0xb6, 0x60, 0x03, 0x02
        00 00 01 02 71 02
        B6 60 03 02
   8250 B8 60 01 02 63 02    51 .db 0xb8, 0x60, 0x01, 0x02, 0x63, 0x02, 0x63, 0x02, 0x69, 0x02, 0x6b, 0x02, 0x41, 0x41, 0x41, 0x02
        63 02 69 02 6B 02
        41 41 41 02
   8260 45 45 45 02 47 47    52 .db 0x45, 0x45, 0x45, 0x02, 0x47, 0x47, 0x47, 0x02, 0x49, 0x49, 0x49, 0x00, 0x8e, 0xe0, 0x00, 0x00
        47 02 49 49 49 00
        8E E0 00 00
   8270 01 02 53 02 4F 02    53 .db 0x01, 0x02, 0x53, 0x02, 0x4f, 0x02, 0x53, 0x02, 0x53, 0x02, 0x53, 0x02, 0x53, 0x02, 0x53, 0x02
        53 02 53 02 53 02
        53 02 53 02
   8280 89 7F 79 02 63 4F    54 .db 0x89, 0x7f, 0x79, 0x02, 0x63, 0x4f, 0x4f, 0x02, 0x7f, 0x83, 0x7f, 0x69, 0x00, 0xb6, 0xe0, 0x00
        4F 02 7F 83 7F 69
        00 B6 E0 00
   8290 00 01 02 79 02 77    55 .db 0x00, 0x01, 0x02, 0x79, 0x02, 0x77, 0x02, 0x79, 0x02, 0x75, 0x02, 0x71, 0x02, 0x71, 0x02, 0x75
        02 79 02 75 02 71
        02 71 02 75
   82A0 02 93 CA 60 03 C2    56 .db 0x02, 0x93, 0xca, 0x60, 0x03, 0xc2, 0x60, 0x01, 0xc0, 0x60, 0x03, 0x02, 0xca, 0x60, 0x01, 0x7f
        60 01 C0 60 03 02
        CA 60 01 7F
   82B0 02 69 65 02 5D 00    57 .db 0x02, 0x69, 0x65, 0x02, 0x5d, 0x00, 0xb0, 0xe0, 0x00, 0x00, 0x01, 0x02, 0x71, 0x02, 0x77, 0x02
        B0 E0 00 00 01 02
        71 02 77 02
   82C0 79 02 63 02 63 02    58 .db 0x79, 0x02, 0x63, 0x02, 0x63, 0x02, 0x69, 0x02, 0x6b, 0x00, 0x8a, 0xe0, 0x00, 0x00, 0x01, 0x4b
        69 02 6B 00 8A E0
        00 00 01 4B
   82D0 4B 02 51 02 53 02    59 .db 0x4b, 0x02, 0x51, 0x02, 0x53, 0x02, 0x55, 0x0e, 0x4b, 0x4b, 0x4b, 0x02, 0x51, 0x02, 0x53, 0x02
        55 0E 4B 4B 4B 02
        51 02 53 02
   82E0 55 00 5A E0 00 00    60 .db 0x55, 0x00, 0x5a, 0xe0, 0x00, 0x00, 0x01, 0x02, 0x1b, 0x02, 0x21, 0x02, 0x23, 0x02, 0x25, 0x02
        01 02 1B 02 21 02
        23 02 25 02
   82F0 25 02 27 02 29 02    61 .db 0x25, 0x02, 0x27, 0x02, 0x29, 0x02, 0x39, 0x02, 0x37, 0x02, 0x35, 0x02, 0x33, 0x02, 0x31, 0x02
        39 02 37 02 35 02
        33 02 31 02
   8300 2F 02 2D 02 2B 00    62 .db 0x2f, 0x02, 0x2d, 0x02, 0x2b, 0x00, 0x72, 0xe0, 0x00, 0x00, 0x01, 0x02, 0x33, 0x02, 0x39, 0x02
        72 E0 00 00 01 02
        33 02 39 02
   8310 3B 02 3D 02 3D 02    63 .db 0x3b, 0x02, 0x3d, 0x02, 0x3d, 0x02, 0x3f, 0x02, 0x41, 0x02, 0x39, 0x02, 0x4f, 0x02, 0x4d, 0x02
        3F 02 41 02 39 02
        4F 02 4D 02
   8320 4B 02 49 02 47 02    64 .db 0x4b, 0x02, 0x49, 0x02, 0x47, 0x02, 0x45, 0x02, 0x43, 0x00, 0x5a, 0xe0, 0x00, 0x00, 0x01, 0x02
        45 02 43 00 5A E0
ASxxxx Assembler V02.00 + NoICE + SDCC mods  (Zilog Z80 / Hitachi HD64180), page 4.
Hexadecimal [16-Bits]



        00 00 01 02
   8330 1B 02 21 02 23 02    65 .db 0x1b, 0x02, 0x21, 0x02, 0x23, 0x02, 0x25, 0x02, 0x25, 0x02, 0x27, 0x02, 0x29, 0x02, 0x39, 0x02
        25 02 25 02 27 02
        29 02 39 02
   8340 37 02 35 02 33 02    66 .db 0x37, 0x02, 0x35, 0x02, 0x33, 0x02, 0x31, 0x02, 0x2f, 0x02, 0x2d, 0x02, 0x2b, 0x00, 0x8e, 0xe0
        31 02 2F 02 2D 02
        2B 00 8E E0
   8350 00 00 01 02 53 02    67 .db 0x00, 0x00, 0x01, 0x02, 0x53, 0x02, 0x4f, 0x02, 0x53, 0x02, 0x53, 0x02, 0x51, 0x02, 0x4f, 0x02
        4F 02 53 02 53 02
        51 02 4F 02
   8360 4B 02 4F 02 53 02    68 .db 0x4b, 0x02, 0x4f, 0x02, 0x53, 0x02, 0x4f, 0x02, 0x4f, 0x02, 0x53, 0x00, 0xb6, 0xe0, 0x00, 0x00
        4F 02 4F 02 53 00
        B6 E0 00 00
   8370 01 02 79 02 77 02    69 .db 0x01, 0x02, 0x79, 0x02, 0x77, 0x02, 0x79, 0x02, 0x75, 0x02, 0x71, 0x02, 0x71, 0x02, 0x75, 0x02
        79 02 75 02 71 02
        71 02 75 02
   8380 77 02 79 02 75 02    70 .db 0x77, 0x02, 0x79, 0x02, 0x75, 0x02, 0x71, 0x02, 0x71, 0x00, 0xb0, 0xe0, 0x00, 0x00, 0x01, 0x02
        71 02 71 00 B0 E0
        00 00 01 02
   8390 71 02 77 02 79 02    71 .db 0x71, 0x02, 0x77, 0x02, 0x79, 0x02, 0x63, 0x02, 0x63, 0x02, 0x69, 0x02, 0x6b, 0x02, 0x71, 0x02
        63 02 63 02 69 02
        6B 02 71 02
   83A0 71 02 77 02 79 02    72 .db 0x71, 0x02, 0x77, 0x02, 0x79, 0x02, 0x63, 0x00, 0x98, 0xe0, 0x00, 0x00, 0x01, 0x59, 0x59, 0x02
        63 00 98 E0 00 00
        01 59 59 02
   83B0 59 02 59 02 55 02    73 .db 0x59, 0x02, 0x59, 0x02, 0x55, 0x02, 0x5f, 0x02, 0x5d, 0x02, 0x55, 0x02, 0x59, 0x59, 0x59, 0x02
        5F 02 5D 02 55 02
        59 59 59 02
   83C0 59 02 59 02 5D 00    74 .db 0x59, 0x02, 0x59, 0x02, 0x5d, 0x00, 0xa8, 0xe0, 0x00, 0x00, 0x01, 0x02, 0x6b, 0x02, 0x69, 0x02
        A8 E0 00 00 01 02
        6B 02 69 02
   83D0 6B 02 67 02 63 02    75 .db 0x6b, 0x02, 0x67, 0x02, 0x63, 0x02, 0x63, 0x02, 0x5d, 0x02, 0x69, 0x02, 0x6b, 0x02, 0x67, 0x02
        63 02 5D 02 69 02
        6B 02 67 02
   83E0 63 02 63 00 8A E0    76 .db 0x63, 0x02, 0x63, 0x00, 0x8a, 0xe0, 0x00, 0x00, 0x01, 0x02, 0x4b, 0x02, 0x51, 0x02, 0x53, 0x02
        00 00 01 02 4B 02
        51 02 53 02
   83F0 3D 3D 3D 02 43 02    77 .db 0x3d, 0x3d, 0x3d, 0x02, 0x43, 0x02, 0x45, 0x02, 0x4b, 0x02, 0x4b, 0x02, 0x51, 0x02, 0x53, 0x02
        45 02 4B 02 4B 02
        51 02 53 02
   8400 3D 3D 3D 02 43 02    78 .db 0x3d, 0x3d, 0x3d, 0x02, 0x43, 0x02, 0x45, 0x00, 0x98, 0xe0, 0x00, 0x00, 0x01, 0x59, 0x59, 0x02
        45 00 98 E0 00 00
        01 59 59 02
   8410 59 02 59 02 55 02    79 .db 0x59, 0x02, 0x59, 0x02, 0x55, 0x02, 0x5f, 0x02, 0x5d, 0x02, 0x55, 0x02, 0x45, 0x0a, 0x57, 0x02
        5F 02 5D 02 55 02
        45 0A 57 02
   8420 59 06 55 00 A8 E0    80 .db 0x59, 0x06, 0x55, 0x00, 0xa8, 0xe0, 0x00, 0x00, 0x01, 0x02, 0x6b, 0x02, 0x69, 0x02, 0x6b, 0x02
        00 00 01 02 6B 02
        69 02 6B 02
   8430 67 02 63 02 63 02    81 .db 0x67, 0x02, 0x63, 0x02, 0x63, 0x02, 0x5d, 0x02, 0x57, 0x02, 0x5d, 0x02, 0x61, 0x02, 0x67, 0x02
        5D 02 57 02 5D 02
        61 02 67 02
   8440 63 06 61 00 8A E0    82 .db 0x63, 0x06, 0x61, 0x00, 0x8a, 0xe0, 0x00, 0x00, 0x01, 0x02, 0x4b, 0x02, 0x51, 0x02, 0x53, 0x02
        00 00 01 02 4B 02
        51 02 53 02
ASxxxx Assembler V02.00 + NoICE + SDCC mods  (Zilog Z80 / Hitachi HD64180), page 5.
Hexadecimal [16-Bits]



   8450 3D 3D 3D 02 43 02    83 .db 0x3d, 0x3d, 0x3d, 0x02, 0x43, 0x02, 0x45, 0x02, 0x4f, 0x02, 0x4f, 0x02, 0x57, 0x02, 0x5d, 0x02
        45 02 4F 02 4F 02
        57 02 5D 02
   8460 59 59 59 02 59 02    84 .db 0x59, 0x59, 0x59, 0x02, 0x59, 0x02, 0x59, 0x00, 0x80, 0xe0, 0x00, 0x00, 0x01, 0x41, 0x41, 0x02
        59 00 80 E0 00 00
        01 41 41 02
   8470 41 02 3D 02 3D 02    85 .db 0x41, 0x02, 0x3d, 0x02, 0x3d, 0x02, 0x3d, 0x02, 0x3d, 0x02, 0x3d, 0x0a, 0x3d, 0x06, 0x3b, 0x06
        3D 02 3D 02 3D 0A
        3D 06 3B 06
   8480 33 00 A8 E0 00 00    86 .db 0x33, 0x00, 0xa8, 0xe0, 0x00, 0x00, 0x01, 0x02, 0x6b, 0x02, 0x69, 0x02, 0x6b, 0x02, 0x67, 0x02
        01 02 6B 02 69 02
        6B 02 67 02
   8490 63 02 63 02 5D 02    87 .db 0x63, 0x02, 0x63, 0x02, 0x5d, 0x02, 0x63, 0x06, 0x67, 0x06, 0x63, 0x06, 0x1b, 0x00, 0x92, 0xe0
        63 06 67 06 63 06
        1B 00 92 E0
   84A0 00 00 01 53 53 02    88 .db 0x00, 0x00, 0x01, 0x53, 0x53, 0x02, 0x53, 0x02, 0x53, 0x02, 0x4f, 0x02, 0x4f, 0x02, 0x4f, 0x02
        53 02 53 02 4F 02
        4F 02 4F 02
   84B0 4F 02 59 59 59 02    89 .db 0x4f, 0x02, 0x59, 0x59, 0x59, 0x02, 0x59, 0x59, 0x59, 0x02, 0x4b, 0x06, 0x4b, 0x00, 0x8a, 0xe0
        59 59 59 02 4B 06
        4B 00 8A E0
   84C0 00 00 01 02 41 02    90 .db 0x00, 0x00, 0x01, 0x02, 0x41, 0x02, 0x4b, 0x02, 0x4f, 0x02, 0x4b, 0x02, 0x41, 0x02, 0x59, 0x02
        4B 02 4F 02 4B 02
        41 02 59 02
   84D0 41 02 4B 02 41 02    91 .db 0x41, 0x02, 0x4b, 0x02, 0x41, 0x02, 0x4b, 0x02, 0x4f, 0x02, 0x4b, 0x02, 0x41, 0x02, 0x59, 0x02
        4B 02 4F 02 4B 02
        41 02 59 02
   84E0 41 00 7A E0 00 00    92 .db 0x41, 0x00, 0x7a, 0xe0, 0x00, 0x00, 0x01, 0x0e, 0x37, 0x06, 0x41, 0x06, 0x33, 0x00, 0x8a, 0xe0
        01 0E 37 06 41 06
        33 00 8A E0
   84F0 00 00 01 02 4B 02    93 .db 0x00, 0x00, 0x01, 0x02, 0x4b, 0x02, 0x59, 0x02, 0x4b, 0x4b, 0x49, 0x02, 0x49, 0x02, 0x59, 0x02
        59 02 4B 4B 49 02
        49 02 59 02
   8500 49 49 45 02 45 02    94 .db 0x49, 0x49, 0x45, 0x02, 0x45, 0x02, 0x59, 0x02, 0x45, 0x45, 0x41, 0x02, 0x41, 0x02, 0x59, 0x02
        59 02 45 45 41 02
        41 02 59 02
   8510 41 41 8A E0 00 00    95 .db 0x41, 0x41, 0x8a, 0xe0, 0x00, 0x00, 0x01, 0x02, 0x41, 0x02, 0x4b, 0x02, 0x4f, 0x02, 0x4b, 0x02
        01 02 41 02 4B 02
        4F 02 4B 02
   8520 41 02 59 02 41 02    96 .db 0x41, 0x02, 0x59, 0x02, 0x41, 0x02, 0x55, 0x02, 0x3d, 0x02, 0x4b, 0x02, 0x4f, 0x02, 0x4b, 0x02
        55 02 3D 02 4B 02
        4F 02 4B 02
   8530 3D 02 49 02 3D 00    97 .db 0x3d, 0x02, 0x49, 0x02, 0x3d, 0x00, 0x84, 0xe0, 0x00, 0x00, 0x01, 0x0e, 0x41, 0x06, 0x4b, 0x06
        84 E0 00 00 01 0E
        41 06 4B 06
   8540 3D 00 7C E0 00 00    98 .db 0x3d, 0x00, 0x7c, 0xe0, 0x00, 0x00, 0x01, 0x02, 0x3d, 0x02, 0x55, 0x02, 0x3d, 0x3d, 0x3b, 0x02
        01 02 3D 02 55 02
        3D 3D 3B 02
   8550 3B 02 55 02 3B 3B    99 .db 0x3b, 0x02, 0x55, 0x02, 0x3b, 0x3b, 0x4f, 0x02, 0x4f, 0x02, 0x4f, 0x02, 0x4f, 0x4f, 0x41, 0x02
        4F 02 4F 02 4F 02
        4F 4F 41 02
   8560 41 02 41 02 41 41   100 .db 0x41, 0x02, 0x41, 0x02, 0x41, 0x41, 0x8a, 0xe0, 0x00, 0x00, 0x01, 0x02, 0x41, 0x02, 0x4b, 0x02
        8A E0 00 00 01 02
        41 02 4B 02
   8570 4F 02 4B 02 41 02   101 .db 0x4f, 0x02, 0x4b, 0x02, 0x41, 0x02, 0x59, 0x02, 0x41, 0x02, 0x55, 0x02, 0x3d, 0x02, 0x4b, 0x02
ASxxxx Assembler V02.00 + NoICE + SDCC mods  (Zilog Z80 / Hitachi HD64180), page 6.
Hexadecimal [16-Bits]



        59 02 41 02 55 02
        3D 02 4B 02
   8580 4F 02 4B 02 3D 02   102 .db 0x4f, 0x02, 0x4b, 0x02, 0x3d, 0x02, 0x49, 0x02, 0x3d, 0x00, 0x84, 0xe0, 0x00, 0x00, 0x01, 0x0e
        49 02 3D 00 84 E0
        00 00 01 0E
   8590 41 06 49 06 4B 00   103 .db 0x41, 0x06, 0x49, 0x06, 0x4b, 0x00, 0x7c, 0xe0, 0x00, 0x00, 0x01, 0x02, 0x3d, 0x02, 0x55, 0x02
        7C E0 00 00 01 02
        3D 02 55 02
   85A0 3D 3D 3B 02 3B 02   104 .db 0x3d, 0x3d, 0x3b, 0x02, 0x3b, 0x02, 0x55, 0x02, 0x3b, 0x3b, 0x4f, 0x02, 0x4f, 0x02, 0x4f, 0x02
        55 02 3B 3B 4F 02
        4F 02 4F 02
   85B0 4F 4F 41 02 41 02   105 .db 0x4f, 0x4f, 0x41, 0x02, 0x41, 0x02, 0x41, 0x02, 0x41, 0x41, 0x5a, 0xe0, 0x00, 0x00, 0x01, 0x02
        41 02 41 41 5A E0
        00 00 01 02
   85C0 1B 02 21 02 23 02   106 .db 0x1b, 0x02, 0x21, 0x02, 0x23, 0x02, 0x25, 0x02, 0x25, 0x02, 0x27, 0x02, 0x29, 0x02, 0x1b, 0x02
        25 02 25 02 27 02
        29 02 1B 02
   85D0 1B 02 21 02 23 02   107 .db 0x1b, 0x02, 0x21, 0x02, 0x23, 0x02, 0x25, 0x02, 0x25, 0x02, 0x27, 0x02, 0x29, 0x00, 0x42, 0x80
        25 02 25 02 27 02
        29 00 42 80
   85E0 00 00 00 72 E0 00   108 .db 0x00, 0x00, 0x00, 0x72, 0xe0, 0x00, 0x00, 0x01, 0x02, 0x33, 0x02, 0x39, 0x02, 0x3b, 0x02, 0x3d
        00 01 02 33 02 39
        02 3B 02 3D
   85F0 02 3D 02 3F 02 41   109 .db 0x02, 0x3d, 0x02, 0x3f, 0x02, 0x41, 0x02, 0x33, 0x02, 0x33, 0x02, 0x39, 0x02, 0x3b, 0x02, 0x3d
        02 33 02 33 02 39
        02 3B 02 3D
   8600 02 3D 02 3F 02 41   110 .db 0x02, 0x3d, 0x02, 0x3f, 0x02, 0x41, 0x00, 0x72, 0xe0, 0x00, 0x00, 0x01, 0x02, 0x33, 0x02, 0x39
        00 72 E0 00 00 01
        02 33 02 39
   8610 02 3B 02 3D 02 3D   111 .db 0x02, 0x3b, 0x02, 0x3d, 0x02, 0x3d, 0x02, 0x3f, 0x02, 0x41, 0x02, 0x51, 0x02, 0x4f, 0x02, 0x4d
        02 3F 02 41 02 51
        02 4F 02 4D
   8620 02 4B 02 49 02 47   112 .db 0x02, 0x4b, 0x02, 0x49, 0x02, 0x47, 0x02, 0x45, 0x02, 0x43, 0x00, 0x68, 0xe0, 0x00, 0x00, 0x01
        02 45 02 43 00 68
        E0 00 00 01
   8630 02 27 1A 29 02 27   113 .db 0x02, 0x27, 0x1a, 0x29, 0x02, 0x27, 0x00, 0x80, 0xe0, 0x00, 0x00, 0x01, 0x02, 0x3f, 0x1a, 0x41
        00 80 E0 00 00 01
        02 3F 1A 41
   8640 02 3F 00 68 E0 00   114 .db 0x02, 0x3f, 0x00, 0x68, 0xe0, 0x00, 0x00, 0x01, 0x02, 0x27, 0x1a, 0x2b, 0x00, 0x80, 0xe0, 0x00
        00 01 02 27 1A 2B
        00 80 E0 00
   8650 00 01 02 3F 1A 43   115 .db 0x00, 0x01, 0x02, 0x3f, 0x1a, 0x43, 0x00
        00
